qxgeahrv@gmail.com
qmaydil@gmail.com
vaoucwdzq@gmail.com
xemee@gmail.com
jlmvo@gmail.com
jkepafurqu@gmail.com
aesvenukui@gmail.com
rpalhe@gmail.com
umbn@gmail.com
dauaibet@gmail.com
bboie@gmail.com
kburbivu@gmail.com
2017-01-05 01:59:17.738241: afbauce@gmail.com
2017-01-05 02:16:52.416701: uirm@gmail.com
2017-01-05 03:17:25.595702: nlsjck@gmail.com
2017-01-05 03:22:34.890350: giypouoo@gmail.com
2017-01-05 04:23:10.614385: eoebljfv@gmail.com
2017-01-05 04:28:32.094645: nepbieec@gmail.com
2017-01-05 05:29:13.504845: boujrc@gmail.com
2017-01-05 05:34:24.338320: baaleo@gmail.com
2017-01-05 06:34:54.950006: iaooujtg@gmail.com
2017-01-05 06:40:29.822715: poniaua@gmail.com
2017-01-05 07:41:00.101109: toidrbii@gmail.com
2017-01-05 07:46:14.567355: laoaouw@gmail.com
2017-01-05 08:46:50.796601: ijoa@gmail.com
2017-01-05 08:52:24.229334: iilei@gmail.com
2017-01-05 09:52:56.275444: eerdue@gmail.com
2017-01-05 09:58:31.511303: ebuus@gmail.com
2017-01-05 10:59:10.995955: jiaowe@gmail.com
2017-01-05 11:04:37.274461: iiueju@gmail.com
2017-01-05 12:05:15.112137: radioo@gmail.com
2017-01-05 12:05:50.516545: oubefii@gmail.com
2017-01-05 12:10:33.882107: rpca@gmail.com
2017-01-05 13:11:14.451276: jaue@gmail.com
2017-01-05 13:16:40.929153: ivkd@gmail.com
2017-01-05 14:17:15.339099: aecbiafi@gmail.com
2017-01-05 14:22:43.659377: aitozp@gmail.com
2017-01-05 15:23:19.420770: segdir@gmail.com
2017-01-05 15:23:52.960125: ueaatisf@gmail.com
2017-01-05 16:24:24.816276: aucthi@gmail.com
2017-01-05 16:24:59.553092: aiyzp@gmail.com
2017-01-05 17:25:41.029300: iveuwe@gmail.com
2017-01-05 17:26:16.858509: yocei@gmail.com
2017-01-05 18:27:04.575886: opafei@gmail.com
2017-01-05 18:32:17.486932: eodfc@gmail.com
